<?xml version="1.0" encoding="UTF-8"?>
<!-- Generated by org.testng.reporters.JUnitReportReporter -->
<testsuite hostname="DESKTOP-9IMATEG" failures="0" tests="1" name="Generic.you_tube_runner" time="9.450" errors="0" timestamp="2024-01-22T17:09:39 IST" skipped="0">
  <testcase classname="Generic.you_tube_runner" name="Play_script" time="9.450"/>
  <system-out/>
</testsuite> <!-- Generic.you_tube_runner -->
