<?xml version="1.0" encoding="UTF-8"?>
<!-- Generated by org.testng.reporters.JUnitReportReporter -->
<testsuite hostname="DESKTOP-9IMATEG" failures="0" tests="1" name="DataProvider.Fetchdata" time="0.014" errors="0" timestamp="2024-02-03T15:42:32 IST" skipped="0">
  <testcase classname="DataProvider.Fetchdata" name="getdata" time="0.014"/>
  <system-out/>
</testsuite> <!-- DataProvider.Fetchdata -->
