<?xml version="1.0" encoding="UTF-8"?>
<!-- Generated by org.testng.reporters.JUnitReportReporter -->
<testsuite hostname="DESKTOP-9IMATEG" failures="0" tests="1" name="Generic.Runner_class" time="5.884" errors="0" timestamp="2024-01-22T16:04:15 IST" skipped="0">
  <testcase classname="Generic.Runner_class" name="login_script" time="5.884"/>
  <system-out/>
</testsuite> <!-- Generic.Runner_class -->
