<?xml version="1.0" encoding="UTF-8"?>
<!-- Generated by org.testng.reporters.JUnitReportReporter -->
<testsuite hostname="DESKTOP-9IMATEG" failures="0" tests="1" name="Basic_hybrid_framework.runner_class" time="110.389" errors="0" timestamp="2024-01-24T17:17:32 IST" skipped="0">
  <testcase classname="Basic_hybrid_framework.runner_class" name="login" time="110.389"/>
  <system-out/>
</testsuite> <!-- Basic_hybrid_framework.runner_class -->
