<?xml version="1.0" encoding="UTF-8"?>
<!-- Generated by org.testng.reporters.JUnitReportReporter -->
<testsuite hostname="DESKTOP-9IMATEG" failures="0" tests="1" name="VerificatioTestNG.Element_enable" time="5.624" errors="0" timestamp="2024-01-19T17:15:08 IST" skipped="0">
  <testcase classname="VerificatioTestNG.Element_enable" name="Assertion" time="5.624"/>
  <system-out/>
</testsuite> <!-- VerificatioTestNG.Element_enable -->
