<?xml version="1.0" encoding="UTF-8"?>
<!-- Generated by org.testng.reporters.JUnitReportReporter -->
<testsuite hostname="DESKTOP-9IMATEG" failures="0" tests="2" name="DataProvider.Facebook" time="6.307" errors="0" timestamp="2024-01-26T13:16:06 IST" skipped="0">
  <testcase classname="DataProvider.Facebook" name="run" time="2.914"/>
  <system-out/>
  <testcase classname="DataProvider.Facebook" name="run" time="3.393"/>
  <system-out/>
</testsuite> <!-- DataProvider.Facebook -->
